#
# A fatal error has been detected by the Java Runtime Environment:
#
#  EXCEPTION_ACCESS_VIOLATION (0xc0000005) at pc=0x00007ff84e68faa5, pid=9432, tid=27876
#
# JRE version: OpenJDK Runtime Environment (15.0.2+7) (build 15.0.2+7-27)
# Java VM: OpenJDK 64-Bit Server VM (15.0.2+7-27, mixed mode, tiered, compressed oops, g1 gc, windows-amd64)
# Problematic frame:
# V  [jvm.dll+0x2ffaa5]
#
# No core dump will be written. Minidumps are not enabled by default on client versions of Windows
#
# If you would like to submit a bug report, please visit:
#   https://bugreport.java.com/bugreport/crash.jsp
#

---------------  S U M M A R Y ------------

Command Line: -XX:+ShowCodeDetailsInExceptionMessages -agentlib:jdwp=transport=dt_socket,suspend=y,address=localhost:56456 -ea -Dfile.encoding=Cp1252 org.testng.remote.RemoteTestNG -serport 56455 -protocol json -d C:\eclipse-workspace\inetBankingV1\test-output C:\eclipse-workspace\inetBankingV1\TestNG.xml

Host: 11th Gen Intel(R) Core(TM) i7-1165G7 @ 2.80GHz, 8 cores, 7G,  Windows 10 , 64 bit Build 19041 (10.0.19041.1503)
Time: Fri Feb 25 11:08:04 2022 Pakistan Standard Time elapsed time: 186.345352 seconds (0d 0h 3m 6s)

---------------  T H R E A D  ---------------

Current thread (0x000001cb5c40ef20):  JavaThread "JDWP Transport Listener: dt_socket" daemon [_thread_in_vm, id=27876, stack(0x0000001d2f300000,0x0000001d2f400000)] _threads_hazard_ptr=0x000001cb5dfa4970

Stack: [0x0000001d2f300000,0x0000001d2f400000],  sp=0x0000001d2f3fe7f0,  free space=1017k
Native frames: (J=compiled Java code, j=interpreted, Vv=VM code, C=native code)
V  [jvm.dll+0x2ffaa5]
V  [jvm.dll+0x302031]
V  [jvm.dll+0x3027f4]
V  [jvm.dll+0x2ffd7f]
V  [jvm.dll+0x2ff02a]
V  [jvm.dll+0x619ec0]
V  [jvm.dll+0x619ba3]
V  [jvm.dll+0x5df278]
V  [jvm.dll+0x77876f]
V  [jvm.dll+0x4f02e1]
V  [jvm.dll+0x7882b5]
V  [jvm.dll+0x4d40ea]
V  [jvm.dll+0x49526b]
C  [jdwp.dll+0x796b]


siginfo: EXCEPTION_ACCESS_VIOLATION (0xc0000005), reading address 0x0000000000000006


Register to memory mapping:

RIP=0x00007ff84e68faa5 jvm.dll
RAX=0x0 is NULL
RBX=0x0000001d2f3fea90 is pointing into the stack for thread: 0x000001cb5c40ef20
RCX=0x0 is NULL
RDX=0x0 is NULL
RSP=0x0000001d2f3fe7f0 is pointing into the stack for thread: 0x000001cb5c40ef20
RBP=0x0 is NULL
RSI=0x0 is NULL
RDI=0x000001cb5e476798 is pointing into metadata
R8 =0x0 is NULL
R9 =0x000001cb5e476798 is pointing into metadata
R10=0x0000001d2f3fea90 is pointing into the stack for thread: 0x000001cb5c40ef20
R11={method} {0x000001cb5e4772a8} 'setUp' '(Ljava/lang/String;)V' in 'base/BaseClass'
R12=0x00007ff84e390000 jvm.dll
R13=0x000001cb5f252ab8 points into unknown readable memory: 0x0000000683e27200 | 00 72 e2 83 06 00 00 00
R14=0x000001cb5e4771ca is pointing into metadata
R15=0x000000000000003d is an unknown value


Registers:
RAX=0x0000000000000000, RBX=0x0000001d2f3fea90, RCX=0x0000000000000000, RDX=0x0000000000000000
RSP=0x0000001d2f3fe7f0, RBP=0x0000000000000000, RSI=0x0000000000000000, RDI=0x000001cb5e476798
R8 =0x0000000000000000, R9 =0x000001cb5e476798, R10=0x0000001d2f3fea90, R11=0x000001cb5e4772a0
R12=0x00007ff84e390000, R13=0x000001cb5f252ab8, R14=0x000001cb5e4771ca, R15=0x000000000000003d
RIP=0x00007ff84e68faa5, EFLAGS=0x0000000000010206

Top of Stack: (sp=0x0000001d2f3fe7f0)
0x0000001d2f3fe7f0:   0000001d2f3fe860 00007ff84e693653
0x0000001d2f3fe800:   0000001d2f3fe860 00007ff84e4920be
0x0000001d2f3fe810:   000000004fffffff 00007ff800000000
0x0000001d2f3fe820:   0000000046000034 8fffffff8fffffff
0x0000001d2f3fe830:   0000fa0fc6b0ec4c 0000fa0fc6b0e3bc
0x0000001d2f3fe840:   000001cb5e4771ca 00000000000000b5
0x0000001d2f3fe850:   0000001d2f3fea90 00007ff84e692031
0x0000001d2f3fe860:   000001cb5e4771c3 0000001d2f3fe900
0x0000001d2f3fe870:   0000001d2f3fe930 000001cb5e4771a5
0x0000001d2f3fe880:   0000001d0000003a 0000000000000001
0x0000001d2f3fe890:   000001cb5e4772a0 000001cb5c40ef20
0x0000001d2f3fe8a0:   000001cb5e477196 00007ff84e499d9e
0x0000001d2f3fe8b0:   000001cb5e4772a0 0000001d2f3fea90
0x0000001d2f3fe8c0:   000000000000003d 00000000000000b5
0x0000001d2f3fe8d0:   0000001d2f3fea90 00007ff84e6927f4
0x0000001d2f3fe8e0:   0000001d2f3fe930 00000000000000b5 

Instructions: (pc=0x00007ff84e68faa5)
0x00007ff84e68f9a5:   42 8b 1c 81 4e 8d 34 81 8b 75 58 41 81 e0 ff ff
0x00007ff84e68f9b5:   ff 00 41 81 c8 00 00 00 47 48 8b cd 45 89 06 c7
0x00007ff84e68f9c5:   45 58 01 00 00 00 e8 80 38 00 00 66 83 7c 24 68
0x00007ff84e68f9d5:   00 41 89 1e 89 75 58 74 40 8b 4c 24 70 49 ff c7
0x00007ff84e68f9e5:   0f b7 c1 48 83 c7 08 4c 3b f8 0f 8c 4b ff ff ff
0x00007ff84e68f9f5:   83 7d 5c 00 74 23 48 83 3d 8d 34 78 00 00 74 15
0x00007ff84e68fa05:   80 7d 42 00 74 0f 48 8d 15 86 f5 58 00 48 8b cd
0x00007ff84e68fa15:   e8 a6 42 00 00 c6 45 42 00 4c 8b 74 24 28 4c 8b
0x00007ff84e68fa25:   6c 24 30 4c 8b 64 24 38 48 8b 7c 24 40 48 8b 74
0x00007ff84e68fa35:   24 48 48 8b 5c 24 60 4c 8b 7c 24 20 48 83 c4 50
0x00007ff84e68fa45:   5d c3 cc cc cc cc cc cc cc cc cc 48 89 5c 24 10
0x00007ff84e68fa55:   48 89 6c 24 18 56 57 41 56 48 83 ec 50 48 8b 05
0x00007ff84e68fa65:   af 03 73 00 48 33 c4 48 89 44 24 40 48 8b 41 08
0x00007ff84e68fa75:   48 8b d9 41 8b e8 8b f2 45 33 c0 41 8b d1 48 8b
0x00007ff84e68fa85:   48 08 48 8b 79 08 48 8b cf e8 6d ee f0 ff 8b d0
0x00007ff84e68fa95:   48 8b cf e8 23 19 f1 ff 48 63 c8 48 8b 44 cf 48
0x00007ff84e68faa5:   0f be 48 06 e8 22 7c 3a 00 8b 0d d0 32 78 00 48
0x00007ff84e68fab5:   8d 3d cd 32 78 00 8d 50 f4 83 fa 01 76 27 8d 50
0x00007ff84e68fac5:   f9 f7 c2 fb ff ff ff 74 13 83 f8 0e 48 8d 15 c0
0x00007ff84e68fad5:   32 78 00 4c 8b d7 4c 0f 45 d2 eb 27 4c 8d 15 e0
0x00007ff84e68fae5:   32 78 00 eb 1e 8b 84 24 90 00 00 00 4c 8d 54 24
0x00007ff84e68faf5:   30 25 ff ff ff 00 89 4c 24 34 0d 00 00 00 46 89
0x00007ff84e68fb05:   44 24 30 45 33 c0 85 f6 74 05 49 8b fa eb 29 41
0x00007ff84e68fb15:   8b 02 85 c0 74 22 49 8b d0 4d 8b c8 42 89 44 0c
0x00007ff84e68fb25:   20 48 8d 52 01 4c 8d 0c 95 00 00 00 00 41 ff c0
0x00007ff84e68fb35:   43 8b 04 11 85 c0 75 e4 85 ed 75 10 8b 05 8d ce
0x00007ff84e68fb45:   6f 00 49 63 d0 41 ff c0 89 44 94 20 49 63 c0 4c
0x00007ff84e68fb55:   8d 74 24 20 89 4c 84 20 8b 74 24 20 85 f6 74 4c
0x00007ff84e68fb65:   48 63 53 58 85 d2 7f 18 48 8d 15 ac 0a 55 00 48
0x00007ff84e68fb75:   8b cb e8 14 48 00 00 44 8b 05 0d 32 78 00 eb 16
0x00007ff84e68fb85:   48 63 4b 20 8d 42 ff 89 43 58 48 03 ca 48 8b 43
0x00007ff84e68fb95:   48 44 8b 44 88 fc 8b d6 48 8b cb e8 5b f0 ff ff 


Stack slot to memory mapping:
stack at sp + 0 slots: 0x0000001d2f3fe860 is pointing into the stack for thread: 0x000001cb5c40ef20
stack at sp + 1 slots: 0x00007ff84e693653 jvm.dll
stack at sp + 2 slots: 0x0000001d2f3fe860 is pointing into the stack for thread: 0x000001cb5c40ef20
stack at sp + 3 slots: 0x00007ff84e4920be jvm.dll
stack at sp + 4 slots: 0x000000004fffffff is an unknown value
stack at sp + 5 slots: 0x00007ff800000000 is an unknown value
stack at sp + 6 slots: 0x0000000046000034 is an unknown value
stack at sp + 7 slots: 0x8fffffff8fffffff is an unknown value


---------------  P R O C E S S  ---------------

Threads class SMR info:
_java_thread_list=0x000001cb5dfa4970, length=16, elements={
0x000001cb3f70bfe0, 0x000001cb5b9f3290, 0x000001cb5c23c070, 0x000001cb5b9f8710,
0x000001cb5b9fa0d0, 0x000001cb5b9fbe90, 0x000001cb5b9fcb70, 0x000001cb5b9fe350,
0x000001cb5c264fc0, 0x000001cb5c40ef20, 0x000001cb5c411cd0, 0x000001cb5c4145d0,
0x000001cb5c422be0, 0x000001cb5c4243d0, 0x000001cb5cff06e0, 0x000001cb5d8f0400
}

Java Threads: ( => current thread )
  0x000001cb3f70bfe0 JavaThread "main" [_thread_blocked, id=22448, stack(0x0000001d2e400000,0x0000001d2e500000)]
  0x000001cb5b9f3290 JavaThread "Reference Handler" daemon [_thread_blocked, id=25084, stack(0x0000001d2eb00000,0x0000001d2ec00000)]
  0x000001cb5c23c070 JavaThread "Finalizer" daemon [_thread_blocked, id=19820, stack(0x0000001d2ec00000,0x0000001d2ed00000)]
  0x000001cb5b9f8710 JavaThread "Signal Dispatcher" daemon [_thread_blocked, id=22496, stack(0x0000001d2ed00000,0x0000001d2ee00000)]
  0x000001cb5b9fa0d0 JavaThread "Attach Listener" daemon [_thread_blocked, id=31556, stack(0x0000001d2ee00000,0x0000001d2ef00000)]
  0x000001cb5b9fbe90 JavaThread "Service Thread" daemon [_thread_blocked, id=14756, stack(0x0000001d2ef00000,0x0000001d2f000000)]
  0x000001cb5b9fcb70 JavaThread "C2 CompilerThread0" daemon [_thread_blocked, id=22152, stack(0x0000001d2f000000,0x0000001d2f100000)]
  0x000001cb5b9fe350 JavaThread "C1 CompilerThread0" daemon [_thread_blocked, id=30660, stack(0x0000001d2f100000,0x0000001d2f200000)]
  0x000001cb5c264fc0 JavaThread "Sweeper thread" daemon [_thread_blocked, id=33232, stack(0x0000001d2f200000,0x0000001d2f300000)]
=>0x000001cb5c40ef20 JavaThread "JDWP Transport Listener: dt_socket" daemon [_thread_in_vm, id=27876, stack(0x0000001d2f300000,0x0000001d2f400000)]
  0x000001cb5c411cd0 JavaThread "JDWP Event Helper Thread" daemon [_thread_blocked, id=16324, stack(0x0000001d2f400000,0x0000001d2f500000)]
  0x000001cb5c4145d0 JavaThread "JDWP Command Reader" daemon [_thread_in_native, id=3608, stack(0x0000001d2f500000,0x0000001d2f600000)]
  0x000001cb5c422be0 JavaThread "Notification Thread" daemon [_thread_blocked, id=18372, stack(0x0000001d2f600000,0x0000001d2f700000)]
  0x000001cb5c4243d0 JavaThread "Common-Cleaner" daemon [_thread_blocked, id=32908, stack(0x0000001d2f800000,0x0000001d2f900000)]
  0x000001cb5cff06e0 JavaThread "ReaderThread" [_thread_in_native, id=4196, stack(0x0000001d2fb00000,0x0000001d2fc00000)]
  0x000001cb5d8f0400 JavaThread "ForkJoinPool.commonPool-worker-3" daemon [_thread_blocked, id=30664, stack(0x0000001d2ff00000,0x0000001d30000000)]

Other Threads:
  0x000001cb5c20f430 VMThread "VM Thread" [stack: 0x0000001d2ea00000,0x0000001d2eb00000] [id=12832]
  0x000001cb5c4240c0 WatcherThread [stack: 0x0000001d2f700000,0x0000001d2f800000] [id=23596]
  0x000001cb41862510 GCTaskThread "GC Thread#0" [stack: 0x0000001d2e500000,0x0000001d2e600000] [id=33464]
  0x000001cb5ce029e0 GCTaskThread "GC Thread#1" [stack: 0x0000001d2fc00000,0x0000001d2fd00000] [id=32868]
  0x000001cb5ce01390 GCTaskThread "GC Thread#2" [stack: 0x0000001d2fd00000,0x0000001d2fe00000] [id=25712]
  0x000001cb5ce03370 GCTaskThread "GC Thread#3" [stack: 0x0000001d2fe00000,0x0000001d2ff00000] [id=17648]
  0x000001cb418757e0 ConcurrentGCThread "G1 Main Marker" [stack: 0x0000001d2e600000,0x0000001d2e700000] [id=28948]
  0x000001cb418763d0 ConcurrentGCThread "G1 Conc#0" [stack: 0x0000001d2e700000,0x0000001d2e800000] [id=6688]
  0x000001cb5ce02d10 ConcurrentGCThread "G1 Conc#1" [stack: 0x0000001d30200000,0x0000001d30300000] [id=11308]
  0x000001cb418e2670 ConcurrentGCThread "G1 Refine#0" [stack: 0x0000001d2e800000,0x0000001d2e900000] [id=29580]
  0x000001cb418e3270 ConcurrentGCThread "G1 Young RemSet Sampling" [stack: 0x0000001d2e900000,0x0000001d2ea00000] [id=12412]

Threads with active compile tasks:

VM state: not at safepoint (normal execution)

VM Mutex/Monitor currently owned by a thread: None

Heap address: 0x0000000083a00000, size: 1990 MB, Compressed Oops mode: 32-bit
CDS disabled.
Compressed class space mapped at: 0x0000000100000000-0x0000000140000000, size: 1073741824
Narrow klass base: 0x0000000000000000, Narrow klass shift: 3, Narrow klass range: 0x140000000

GC Precious Log:
 CPUs: 8 total, 8 available
 Memory: 7957M
 Large Page Support: Disabled
 NUMA Support: Disabled
 Compressed Oops: Enabled (32-bit)
 Heap Region Size: 1M
 Heap Min Capacity: 8M
 Heap Initial Capacity: 126M
 Heap Max Capacity: 1990M
 Pre-touch: Disabled
 Parallel Workers: 8
 Concurrent Workers: 2
 Concurrent Refinement Workers: 8
 Periodic GC: Disabled

Heap:
 garbage-first heap   total 40960K, used 11756K [0x0000000083a00000, 0x0000000100000000)
  region size 1024K, 4 young (4096K), 2 survivors (2048K)
 Metaspace       used 25816K, capacity 26102K, committed 26240K, reserved 1073152K
  class space    used 2759K, capacity 2844K, committed 2944K, reserved 1048576K

Heap Regions: E=young(eden), S=young(survivor), O=old, HS=humongous(starts), HC=humongous(continues), CS=collection set, F=free, OA=open archive, CA=closed archive, TAMS=top-at-mark-start (previous, next)
|   0|0x0000000083a00000, 0x0000000083b00000, 0x0000000083b00000|100%| O|  |TAMS 0x0000000083b00000, 0x0000000083a00000| Untracked 
|   1|0x0000000083b00000, 0x0000000083c00000, 0x0000000083c00000|100%| O|  |TAMS 0x0000000083c00000, 0x0000000083b00000| Untracked 
|   2|0x0000000083c00000, 0x0000000083d00000, 0x0000000083d00000|100%| O|  |TAMS 0x0000000083d00000, 0x0000000083c00000| Untracked 
|   3|0x0000000083d00000, 0x0000000083e00000, 0x0000000083e00000|100%| O|  |TAMS 0x0000000083e00000, 0x0000000083d00000| Untracked 
|   4|0x0000000083e00000, 0x0000000083f00000, 0x0000000083f00000|100%| O|  |TAMS 0x0000000083f00000, 0x0000000083e00000| Untracked 
|   5|0x0000000083f00000, 0x0000000084000000, 0x0000000084000000|100%| O|  |TAMS 0x0000000084000000, 0x0000000083f00000| Untracked 
|   6|0x0000000084000000, 0x0000000084100000, 0x0000000084100000|100%| O|  |TAMS 0x0000000084100000, 0x0000000084000000| Untracked 
|   7|0x0000000084100000, 0x000000008412da00, 0x0000000084200000| 17%| O|  |TAMS 0x000000008412da00, 0x0000000084100000| Untracked 
|   8|0x0000000084200000, 0x0000000084300000, 0x0000000084300000|100%| O|  |TAMS 0x0000000084200000, 0x0000000084200000| Untracked 
|   9|0x0000000084300000, 0x00000000843eac00, 0x0000000084400000| 91%| O|  |TAMS 0x0000000084300000, 0x0000000084300000| Untracked 
|  10|0x0000000084400000, 0x0000000084400000, 0x0000000084500000|  0%| F|  |TAMS 0x0000000084400000, 0x0000000084400000| Untracked 
|  11|0x0000000084500000, 0x0000000084500000, 0x0000000084600000|  0%| F|  |TAMS 0x0000000084500000, 0x0000000084500000| Untracked 
|  12|0x0000000084600000, 0x0000000084600000, 0x0000000084700000|  0%| F|  |TAMS 0x0000000084600000, 0x0000000084600000| Untracked 
|  13|0x0000000084700000, 0x0000000084700000, 0x0000000084800000|  0%| F|  |TAMS 0x0000000084700000, 0x0000000084700000| Untracked 
|  14|0x0000000084800000, 0x0000000084862b60, 0x0000000084900000| 38%| S|CS|TAMS 0x0000000084800000, 0x0000000084800000| Complete 
|  15|0x0000000084900000, 0x0000000084a00000, 0x0000000084a00000|100%| S|CS|TAMS 0x0000000084900000, 0x0000000084900000| Complete 
|  16|0x0000000084a00000, 0x0000000084a00000, 0x0000000084b00000|  0%| F|  |TAMS 0x0000000084a00000, 0x0000000084a00000| Untracked 
|  17|0x0000000084b00000, 0x0000000084b00000, 0x0000000084c00000|  0%| F|  |TAMS 0x0000000084b00000, 0x0000000084b00000| Untracked 
|  18|0x0000000084c00000, 0x0000000084c00000, 0x0000000084d00000|  0%| F|  |TAMS 0x0000000084c00000, 0x0000000084c00000| Untracked 
|  19|0x0000000084d00000, 0x0000000084d00000, 0x0000000084e00000|  0%| F|  |TAMS 0x0000000084d00000, 0x0000000084d00000| Untracked 
|  20|0x0000000084e00000, 0x0000000084e00000, 0x0000000084f00000|  0%| F|  |TAMS 0x0000000084e00000, 0x0000000084e00000| Untracked 
|  21|0x0000000084f00000, 0x0000000084f00000, 0x0000000085000000|  0%| F|  |TAMS 0x0000000084f00000, 0x0000000084f00000| Untracked 
|  22|0x0000000085000000, 0x0000000085000000, 0x0000000085100000|  0%| F|  |TAMS 0x0000000085000000, 0x0000000085000000| Untracked 
|  23|0x0000000085100000, 0x0000000085100000, 0x0000000085200000|  0%| F|  |TAMS 0x0000000085100000, 0x0000000085100000| Untracked 
|  24|0x0000000085200000, 0x0000000085200000, 0x0000000085300000|  0%| F|  |TAMS 0x0000000085200000, 0x0000000085200000| Untracked 
|  25|0x0000000085300000, 0x0000000085300000, 0x0000000085400000|  0%| F|  |TAMS 0x0000000085300000, 0x0000000085300000| Untracked 
|  26|0x0000000085400000, 0x0000000085400000, 0x0000000085500000|  0%| F|  |TAMS 0x0000000085400000, 0x0000000085400000| Untracked 
|  27|0x0000000085500000, 0x0000000085500000, 0x0000000085600000|  0%| F|  |TAMS 0x0000000085500000, 0x0000000085500000| Untracked 
|  28|0x0000000085600000, 0x0000000085600000, 0x0000000085700000|  0%| F|  |TAMS 0x0000000085600000, 0x0000000085600000| Untracked 
|  29|0x0000000085700000, 0x0000000085700000, 0x0000000085800000|  0%| F|  |TAMS 0x0000000085700000, 0x0000000085700000| Untracked 
|  30|0x0000000085800000, 0x0000000085800000, 0x0000000085900000|  0%| F|  |TAMS 0x0000000085800000, 0x0000000085800000| Untracked 
|  31|0x0000000085900000, 0x0000000085900000, 0x0000000085a00000|  0%| F|  |TAMS 0x0000000085900000, 0x0000000085900000| Untracked 
|  32|0x0000000085a00000, 0x0000000085a00000, 0x0000000085b00000|  0%| F|  |TAMS 0x0000000085a00000, 0x0000000085a00000| Untracked 
|  33|0x0000000085b00000, 0x0000000085b00000, 0x0000000085c00000|  0%| F|  |TAMS 0x0000000085b00000, 0x0000000085b00000| Untracked 
|  34|0x0000000085c00000, 0x0000000085c00000, 0x0000000085d00000|  0%| F|  |TAMS 0x0000000085c00000, 0x0000000085c00000| Untracked 
|  35|0x0000000085d00000, 0x0000000085d00000, 0x0000000085e00000|  0%| F|  |TAMS 0x0000000085d00000, 0x0000000085d00000| Untracked 
| 117|0x000000008af00000, 0x000000008af00000, 0x000000008b000000|  0%| F|  |TAMS 0x000000008af00000, 0x000000008af00000| Untracked 
| 118|0x000000008b000000, 0x000000008b000000, 0x000000008b100000|  0%| F|  |TAMS 0x000000008b000000, 0x000000008b000000| Untracked 
| 119|0x000000008b100000, 0x000000008b17fd90, 0x000000008b200000| 49%| E|  |TAMS 0x000000008b100000, 0x000000008b100000| Complete 
| 125|0x000000008b700000, 0x000000008b800000, 0x000000008b800000|100%| E|CS|TAMS 0x000000008b700000, 0x000000008b700000| Complete 

Card table byte_map: [0x000001cb54950000,0x000001cb54d40000] _byte_map_base: 0x000001cb54533000

Marking Bits (Prev, Next): (CMBitMap*) 0x000001cb41863dd0, (CMBitMap*) 0x000001cb41863d90
 Prev Bits: [0x000001cb57050000, 0x000001cb58f68000)
 Next Bits: [0x000001cb55130000, 0x000001cb57048000)

Polling page: 0x000001cb40ff0000

Metaspace:

Usage:
  Non-class:     22.71 MB capacity,    22.52 MB (>99%) used,   168.90 KB ( <1%) free+waste,    32.19 KB ( <1%) overhead. 
      Class:      2.78 MB capacity,     2.69 MB ( 97%) used,    72.79 KB (  3%) free+waste,    11.62 KB ( <1%) overhead. 
       Both:     25.49 MB capacity,    25.21 MB ( 99%) used,   241.69 KB ( <1%) free+waste,    43.81 KB ( <1%) overhead. 

Virtual space:
  Non-class space:       24.00 MB reserved,      22.75 MB ( 95%) committed 
      Class space:        1.00 GB reserved,       2.88 MB ( <1%) committed 
             Both:        1.02 GB reserved,      25.62 MB (  2%) committed 

Chunk freelists:
   Non-Class:  38.00 KB
       Class:  4.00 KB
        Both:  42.00 KB

MaxMetaspaceSize: 17179869184.00 GB
CompressedClassSpaceSize: 1.00 GB

CodeHeap 'non-profiled nmethods': size=120000Kb used=1041Kb max_used=1041Kb free=118958Kb
 bounds [0x000001cb4cd00000, 0x000001cb4cf70000, 0x000001cb54230000]
CodeHeap 'profiled nmethods': size=120000Kb used=3666Kb max_used=3666Kb free=116333Kb
 bounds [0x000001cb457d0000, 0x000001cb45b70000, 0x000001cb4cd00000]
CodeHeap 'non-nmethods': size=5760Kb used=1358Kb max_used=1409Kb free=4401Kb
 bounds [0x000001cb45230000, 0x000001cb454a0000, 0x000001cb457d0000]
 total_blobs=2505 nmethods=1970 adapters=447
 compilation: enabled
              stopped_count=0, restarted_count=0
 full_count=0

Compilation events (20 events):
Event: 2.266 Thread 0x000001cb5b9fe350 1961       3       java.lang.invoke.MethodHandleNatives::linkCallSiteImpl (44 bytes)
Event: 2.267 Thread 0x000001cb5b9fe350 nmethod 1961 0x000001cb45b5f610 code [0x000001cb45b5f820, 0x000001cb45b5fff8]
Event: 2.267 Thread 0x000001cb5b9fe350 1964       3       java.util.Arrays::binarySearch0 (95 bytes)
Event: 2.267 Thread 0x000001cb5b9fe350 nmethod 1964 0x000001cb45b60310 code [0x000001cb45b604e0, 0x000001cb45b608f8]
Event: 2.267 Thread 0x000001cb5b9fe350 1963       3       java.util.Arrays$ArrayList::size (6 bytes)
Event: 2.267 Thread 0x000001cb5b9fe350 nmethod 1963 0x000001cb45b60b10 code [0x000001cb45b60ca0, 0x000001cb45b60db8]
Event: 2.268 Thread 0x000001cb5b9fe350 1965   !   3       com.sun.jmx.mbeanserver.Introspector::descriptorForAnnotations (242 bytes)
Event: 2.269 Thread 0x000001cb5d958d60 1966       4       java.util.regex.Matcher::reset (128 bytes)
Event: 2.270 Thread 0x000001cb5b9fe350 nmethod 1965 0x000001cb45b60e90 code [0x000001cb45b61220, 0x000001cb45b62978]
Event: 2.270 Thread 0x000001cb5c47f480 nmethod 1940 0x000001cb4cdf0a90 code [0x000001cb4cdf0c40, 0x000001cb4cdf14d8]
Event: 2.270 Thread 0x000001cb5b9fe350 1967       3       java.lang.StringBuilder::<init> (6 bytes)
Event: 2.270 Thread 0x000001cb5b9fe350 nmethod 1967 0x000001cb45b63690 code [0x000001cb45b63840, 0x000001cb45b63988]
Event: 2.273 Thread 0x000001cb5d958d60 nmethod 1966 0x000001cb4cdf1b10 code [0x000001cb4cdf1ca0, 0x000001cb4cdf1f78]
Event: 2.273 Thread 0x000001cb5b9fe350 1968       3       java.util.WeakHashMap::remove (133 bytes)
Event: 2.274 Thread 0x000001cb5b9fe350 nmethod 1968 0x000001cb45b63a10 code [0x000001cb45b63c40, 0x000001cb45b64608]
Event: 2.282 Thread 0x000001cb5c47f480 1969       4       java.nio.ByteBuffer::position (8 bytes)
Event: 2.283 Thread 0x000001cb5c47f480 nmethod 1969 0x000001cb4cdf2110 code [0x000001cb4cdf2280, 0x000001cb4cdf2338]
Event: 2.380 Thread 0x000001cb5b9fcb70 nmethod 1724 0x000001cb4cdf2410 code [0x000001cb4cdf2cc0, 0x000001cb4cdfe018]
Event: 61.158 Thread 0x000001cb5b9fe350 1970       1       java.util.concurrent.locks.AbstractOwnableSynchronizer::setExclusiveOwnerThread (6 bytes)
Event: 61.158 Thread 0x000001cb5b9fe350 nmethod 1970 0x000001cb4ce03e10 code [0x000001cb4ce03fa0, 0x000001cb4ce04098]

GC Heap History (8 events):
Event: 0.883 GC heap before
{Heap before GC invocations=0 (full 0):
 garbage-first heap   total 129024K, used 22528K [0x0000000083a00000, 0x0000000100000000)
  region size 1024K, 23 young (23552K), 0 survivors (0K)
 Metaspace       used 12156K, capacity 12249K, committed 12544K, reserved 1060864K
  class space    used 1120K, capacity 1161K, committed 1280K, reserved 1048576K
}
Event: 0.891 GC heap after
{Heap after GC invocations=1 (full 0):
 garbage-first heap   total 129024K, used 7326K [0x0000000083a00000, 0x0000000100000000)
  region size 1024K, 3 young (3072K), 3 survivors (3072K)
 Metaspace       used 12156K, capacity 12249K, committed 12544K, reserved 1060864K
  class space    used 1120K, capacity 1161K, committed 1280K, reserved 1048576K
}
Event: 1.543 GC heap before
{Heap before GC invocations=1 (full 0):
 garbage-first heap   total 129024K, used 31902K [0x0000000083a00000, 0x0000000100000000)
  region size 1024K, 28 young (28672K), 3 survivors (3072K)
 Metaspace       used 20228K, capacity 20437K, committed 20608K, reserved 1067008K
  class space    used 2028K, capacity 2095K, committed 2176K, reserved 1048576K
}
Event: 1.548 GC heap after
{Heap after GC invocations=2 (full 0):
 garbage-first heap   total 129024K, used 9433K [0x0000000083a00000, 0x0000000100000000)
  region size 1024K, 3 young (3072K), 3 survivors (3072K)
 Metaspace       used 20228K, capacity 20437K, committed 20608K, reserved 1067008K
  class space    used 2028K, capacity 2095K, committed 2176K, reserved 1048576K
}
Event: 1.620 GC heap before
{Heap before GC invocations=2 (full 0):
 garbage-first heap   total 129024K, used 14553K [0x0000000083a00000, 0x0000000100000000)
  region size 1024K, 9 young (9216K), 3 survivors (3072K)
 Metaspace       used 20913K, capacity 21112K, committed 21248K, reserved 1069056K
  class space    used 2123K, capacity 2192K, committed 2304K, reserved 1048576K
}
Event: 1.625 GC heap after
{Heap after GC invocations=3 (full 0):
 garbage-first heap   total 129024K, used 9632K [0x0000000083a00000, 0x0000000100000000)
  region size 1024K, 3 young (3072K), 3 survivors (3072K)
 Metaspace       used 20913K, capacity 21112K, committed 21248K, reserved 1069056K
  class space    used 2123K, capacity 2192K, committed 2304K, reserved 1048576K
}
Event: 2.244 GC heap before
{Heap before GC invocations=4 (full 0):
 garbage-first heap   total 40960K, used 31136K [0x0000000083a00000, 0x0000000100000000)
  region size 1024K, 24 young (24576K), 3 survivors (3072K)
 Metaspace       used 25389K, capacity 25648K, committed 25856K, reserved 1073152K
  class space    used 2704K, capacity 2779K, committed 2816K, reserved 1048576K
}
Event: 2.248 GC heap after
{Heap after GC invocations=5 (full 0):
 garbage-first heap   total 40960K, used 10732K [0x0000000083a00000, 0x0000000100000000)
  region size 1024K, 2 young (2048K), 2 survivors (2048K)
 Metaspace       used 25389K, capacity 25648K, committed 25856K, reserved 1073152K
  class space    used 2704K, capacity 2779K, committed 2816K, reserved 1048576K
}

Deoptimization events (20 events):
Event: 1.966 Thread 0x000001cb3f70bfe0 DEOPT PACKING pc=0x000001cb4595c654 sp=0x0000001d2e4fd1f0
Event: 1.966 Thread 0x000001cb3f70bfe0 DEOPT UNPACKING pc=0x000001cb4527f6cf sp=0x0000001d2e4fc6a8 mode 1
Event: 1.966 Thread 0x000001cb3f70bfe0 DEOPT PACKING pc=0x000001cb4595d0cc sp=0x0000001d2e4fc6e0
Event: 1.966 Thread 0x000001cb3f70bfe0 DEOPT UNPACKING pc=0x000001cb4527f6cf sp=0x0000001d2e4fbb78 mode 1
Event: 1.966 Thread 0x000001cb3f70bfe0 DEOPT PACKING pc=0x000001cb4595c654 sp=0x0000001d2e4fc7b0
Event: 1.966 Thread 0x000001cb3f70bfe0 DEOPT UNPACKING pc=0x000001cb4527f6cf sp=0x0000001d2e4fbc68 mode 1
Event: 1.966 Thread 0x000001cb3f70bfe0 DEOPT PACKING pc=0x000001cb4595d0cc sp=0x0000001d2e4fd120
Event: 1.966 Thread 0x000001cb3f70bfe0 DEOPT UNPACKING pc=0x000001cb4527f6cf sp=0x0000001d2e4fc5b8 mode 1
Event: 1.966 Thread 0x000001cb3f70bfe0 DEOPT PACKING pc=0x000001cb4595c654 sp=0x0000001d2e4fd1f0
Event: 1.966 Thread 0x000001cb3f70bfe0 DEOPT UNPACKING pc=0x000001cb4527f6cf sp=0x0000001d2e4fc6a8 mode 1
Event: 1.966 Thread 0x000001cb3f70bfe0 DEOPT PACKING pc=0x000001cb4595d0cc sp=0x0000001d2e4fc6e0
Event: 1.966 Thread 0x000001cb3f70bfe0 DEOPT UNPACKING pc=0x000001cb4527f6cf sp=0x0000001d2e4fbb78 mode 1
Event: 1.966 Thread 0x000001cb3f70bfe0 DEOPT PACKING pc=0x000001cb4595c654 sp=0x0000001d2e4fc7b0
Event: 1.966 Thread 0x000001cb3f70bfe0 DEOPT UNPACKING pc=0x000001cb4527f6cf sp=0x0000001d2e4fbc68 mode 1
Event: 1.989 Thread 0x000001cb3f70bfe0 DEOPT PACKING pc=0x000001cb45918c54 sp=0x0000001d2e4fd0a0
Event: 1.989 Thread 0x000001cb3f70bfe0 DEOPT UNPACKING pc=0x000001cb4527f6cf sp=0x0000001d2e4fc570 mode 1
Event: 2.085 Thread 0x000001cb3f70bfe0 Uncommon trap: trap_request=0xffffff45 fr.pc=0x000001cb4cd9fdb8 relative=0x00000000000008d8
Event: 2.085 Thread 0x000001cb3f70bfe0 Uncommon trap: reason=unstable_if action=reinterpret pc=0x000001cb4cd9fdb8 method=java.lang.StringLatin1.regionMatchesCI([BI[BII)Z @ 72 c2
Event: 2.085 Thread 0x000001cb3f70bfe0 DEOPT PACKING pc=0x000001cb4cd9fdb8 sp=0x0000001d2e4fd100
Event: 2.085 Thread 0x000001cb3f70bfe0 DEOPT UNPACKING pc=0x000001cb4523852f sp=0x0000001d2e4fd018 mode 2

Classes unloaded (0 events):
No events

Classes redefined (2 events):
Event: 85.744 Thread 0x000001cb5c20f430 redefined class name=base.BaseClass, count=1
Event: 186.120 Thread 0x000001cb5c20f430 redefined class name=base.BaseClass, count=2

Internal exceptions (20 events):
Event: 1.150 Thread 0x000001cb3f70bfe0 Exception <a 'java/lang/NoSuchMethodError'{0x000000008b1aed10}: 'void java.lang.invoke.DirectMethodHandle$Holder.invokeStatic(java.lang.Object, java.lang.Object, java.lang.Object)'> (0x000000008b1aed10) 
thrown [./open/src/hotspot/share/interpreter/linkResolver.cpp, line 782]
Event: 1.216 Thread 0x000001cb3f70bfe0 Exception <a 'sun/nio/fs/WindowsException'{0x000000008ae5b4b8}> (0x000000008ae5b4b8) 
thrown [./open/src/hotspot/share/prims/jni.cpp, line 578]
Event: 1.363 Thread 0x000001cb3f70bfe0 Exception <a 'java/lang/ClassNotFoundException'{0x000000008a436a90}: com/aventstack/extentreports/StatusBeanInfo> (0x000000008a436a90) 
thrown [./open/src/hotspot/share/classfile/systemDictionary.cpp, line 295]
Event: 1.364 Thread 0x000001cb3f70bfe0 Exception <a 'java/lang/ClassNotFoundException'{0x000000008a437808}: java/lang/EnumBeanInfo> (0x000000008a437808) 
thrown [./open/src/hotspot/share/classfile/systemDictionary.cpp, line 295]
Event: 1.364 Thread 0x000001cb3f70bfe0 Exception <a 'java/lang/ClassNotFoundException'{0x000000008a438508}: java/lang/ObjectBeanInfo> (0x000000008a438508) 
thrown [./open/src/hotspot/share/classfile/systemDictionary.cpp, line 295]
Event: 1.364 Thread 0x000001cb3f70bfe0 Exception <a 'java/lang/ClassNotFoundException'{0x000000008a4398b8}: java/lang/ObjectCustomizer> (0x000000008a4398b8) 
thrown [./open/src/hotspot/share/classfile/systemDictionary.cpp, line 295]
Event: 1.367 Thread 0x000001cb3f70bfe0 Exception <a 'java/lang/IncompatibleClassChangeError'{0x000000008a43e9d8}: Found class java.lang.Object, but interface was expected> (0x000000008a43e9d8) 
thrown [./open/src/hotspot/share/interpreter/linkResolver.cpp, line 848]
Event: 1.369 Thread 0x000001cb3f70bfe0 Exception <a 'java/lang/ClassNotFoundException'{0x000000008a444dc0}: java/lang/EnumCustomizer> (0x000000008a444dc0) 
thrown [./open/src/hotspot/share/classfile/systemDictionary.cpp, line 295]
Event: 1.372 Thread 0x000001cb3f70bfe0 Exception <a 'java/lang/ClassNotFoundException'{0x000000008a458be0}: com/aventstack/extentreports/StatusCustomizer> (0x000000008a458be0) 
thrown [./open/src/hotspot/share/classfile/systemDictionary.cpp, line 295]
Event: 1.380 Thread 0x000001cb3f70bfe0 Exception <a 'java/lang/ClassNotFoundException'{0x000000008a4daa50}: com/aventstack/extentreports/view/IcoBeanInfo> (0x000000008a4daa50) 
thrown [./open/src/hotspot/share/classfile/systemDictionary.cpp, line 295]
Event: 1.381 Thread 0x000001cb3f70bfe0 Exception <a 'java/lang/ClassNotFoundException'{0x000000008a4e01b0}: com/aventstack/extentreports/view/IcoCustomizer> (0x000000008a4e01b0) 
thrown [./open/src/hotspot/share/classfile/systemDictionary.cpp, line 295]
Event: 1.387 Thread 0x000001cb3f70bfe0 Exception <a 'java/lang/ClassNotFoundException'{0x000000008a334870}: com/aventstack/extentreports/model/service/TestServiceBeanInfo> (0x000000008a334870) 
thrown [./open/src/hotspot/share/classfile/systemDictionary.cpp, line 295]
Event: 1.388 Thread 0x000001cb3f70bfe0 Exception <a 'java/lang/ClassNotFoundException'{0x000000008a33a698}: com/aventstack/extentreports/model/service/TestServiceCustomizer> (0x000000008a33a698) 
thrown [./open/src/hotspot/share/classfile/systemDictionary.cpp, line 295]
Event: 1.512 Thread 0x000001cb3f70bfe0 Exception <a 'java/lang/NoSuchMethodError'{0x0000000089d88648}: 'void java.lang.invoke.DirectMethodHandle$Holder.invokeInterface(java.lang.Object, java.lang.Object)'> (0x0000000089d88648) 
thrown [./open/src/hotspot/share/interpreter/linkResolver.cpp, line 782]
Event: 1.556 Thread 0x000001cb3f70bfe0 Exception <a 'java/lang/NoSuchMethodError'{0x000000008b782548}: 'void java.lang.invoke.DirectMethodHandle$Holder.invokeSpecial(java.lang.Object, java.lang.Object, java.lang.Object, java.lang.Object, java.lang.Object)'> (0x000000008b782548) 
thrown [./open/src/hotspot/share/interpreter/linkResolver.cpp, line 782]
Event: 1.651 Thread 0x000001cb3f70bfe0 Exception <a 'java/lang/NoSuchMethodError'{0x000000008b71d500}: 'java.lang.Object java.lang.invoke.DirectMethodHandle$Holder.invokeStaticInit(java.lang.Object, java.lang.Object, java.lang.Object)'> (0x000000008b71d500) 
thrown [./open/src/hotspot/share/interpreter/linkResolver.cpp, line 782]
Event: 1.692 Thread 0x000001cb3f70bfe0 Exception <a 'java/lang/NoSuchMethodError'{0x0000000085d9fcf0}: 'void java.lang.invoke.DirectMethodHandle$Holder.invokeStaticInit(java.lang.Object, java.lang.Object, java.lang.Object, java.lang.Object)'> (0x0000000085d9fcf0) 
thrown [./open/src/hotspot/share/interpreter/linkResolver.cpp, line 782]
Event: 1.886 Thread 0x000001cb3f70bfe0 Exception <a 'java/lang/NoSuchMethodError'{0x00000000853f43a8}: 'java.lang.Object java.lang.invoke.DirectMethodHandle$Holder.newInvokeSpecial(java.lang.Object, long, int, java.lang.Object)'> (0x00000000853f43a8) 
thrown [./open/src/hotspot/share/interpreter/linkResolver.cpp, line 782]
Event: 2.011 Thread 0x000001cb3f70bfe0 Exception <a 'java/lang/NoSuchMethodError'{0x0000000084ecdc98}: 'int java.lang.invoke.DirectMethodHandle$Holder.invokeStatic(java.lang.Object, java.lang.Object, java.lang.Object, java.lang.Object, java.lang.Object)'> (0x0000000084ecdc98) 
thrown [./open/src/hotspot/share/interpreter/linkResolver.cpp, line 782]
Event: 2.210 Thread 0x000001cb3f70bfe0 Exception <a 'java/lang/IncompatibleClassChangeError'{0x0000000084a78cb0}: Found class java.lang.Object, but interface was expected> (0x0000000084a78cb0) 
thrown [./open/src/hotspot/share/interpreter/linkResolver.cpp, line 848]

Events (20 events):
Event: 186.143 Executing VM operation: ChangeBreakpoints
Event: 186.144 Executing VM operation: ChangeBreakpoints done
Event: 186.153 Executing VM operation: ChangeBreakpoints
Event: 186.154 Executing VM operation: ChangeBreakpoints done
Event: 186.161 Executing VM operation: ChangeBreakpoints
Event: 186.162 Executing VM operation: ChangeBreakpoints done
Event: 186.171 Executing VM operation: ChangeBreakpoints
Event: 186.172 Executing VM operation: ChangeBreakpoints done
Event: 186.189 Executing VM operation: ChangeBreakpoints
Event: 186.190 Executing VM operation: ChangeBreakpoints done
Event: 186.197 Executing VM operation: ChangeBreakpoints
Event: 186.199 Executing VM operation: ChangeBreakpoints done
Event: 186.200 Executing VM operation: GetFrameCount
Event: 186.200 Executing VM operation: GetFrameCount done
Event: 186.200 Executing VM operation: GetStackTrace
Event: 186.200 Executing VM operation: GetStackTrace done
Event: 186.288 Executing VM operation: GetFrameCount
Event: 186.289 Executing VM operation: GetFrameCount done
Event: 186.335 Executing VM operation: GetFrameLocation
Event: 186.335 Executing VM operation: GetFrameLocation done


Dynamic libraries:
0x00007ff6b5760000 - 0x00007ff6b576d000 	C:\D\eclipse\plugins\org.eclipse.justj.openjdk.hotspot.jre.full.win32.x86_64_15.0.2.v20210201-0955\jre\bin\javaw.exe
0x00007ff8cd570000 - 0x00007ff8cd765000 	C:\windows\SYSTEM32\ntdll.dll
0x00007ff8ccc10000 - 0x00007ff8cccce000 	C:\windows\System32\KERNEL32.DLL
0x00007ff8caf60000 - 0x00007ff8cb228000 	C:\windows\System32\KERNELBASE.dll
0x00007ff8cb4c0000 - 0x00007ff8cb5c0000 	C:\windows\System32\ucrtbase.dll
0x00007ff8c0cb0000 - 0x00007ff8c0cc9000 	C:\D\eclipse\plugins\org.eclipse.justj.openjdk.hotspot.jre.full.win32.x86_64_15.0.2.v20210201-0955\jre\bin\VCRUNTIME140.dll
0x00007ff8c0cd0000 - 0x00007ff8c0ce8000 	C:\D\eclipse\plugins\org.eclipse.justj.openjdk.hotspot.jre.full.win32.x86_64_15.0.2.v20210201-0955\jre\bin\jli.dll
0x00007ff8cd2e0000 - 0x00007ff8cd480000 	C:\windows\System32\USER32.dll
0x00007ff8caf30000 - 0x00007ff8caf52000 	C:\windows\System32\win32u.dll
0x00007ff8cc880000 - 0x00007ff8cc8ab000 	C:\windows\System32\GDI32.dll
0x00007ff8aa880000 - 0x00007ff8aab1a000 	C:\windows\WinSxS\amd64_microsoft.windows.common-controls_6595b64144ccf1df_6.0.19041.1110_none_60b5254171f9507e\COMCTL32.dll
0x00007ff8cad90000 - 0x00007ff8cae9d000 	C:\windows\System32\gdi32full.dll
0x00007ff8cc3a0000 - 0x00007ff8cc43e000 	C:\windows\System32\msvcrt.dll
0x00007ff8cac80000 - 0x00007ff8cad1d000 	C:\windows\System32\msvcp_win.dll
0x00007ff8cc370000 - 0x00007ff8cc3a0000 	C:\windows\System32\IMM32.DLL
0x00007ff8c0ca0000 - 0x00007ff8c0cac000 	C:\D\eclipse\plugins\org.eclipse.justj.openjdk.hotspot.jre.full.win32.x86_64_15.0.2.v20210201-0955\jre\bin\vcruntime140_1.dll
0x00007ff8873c0000 - 0x00007ff887451000 	C:\D\eclipse\plugins\org.eclipse.justj.openjdk.hotspot.jre.full.win32.x86_64_15.0.2.v20210201-0955\jre\bin\msvcp140.dll
0x00007ff84e390000 - 0x00007ff84eeee000 	C:\D\eclipse\plugins\org.eclipse.justj.openjdk.hotspot.jre.full.win32.x86_64_15.0.2.v20210201-0955\jre\bin\server\jvm.dll
0x00007ff8cc5c0000 - 0x00007ff8cc66e000 	C:\windows\System32\ADVAPI32.dll
0x00007ff8cc920000 - 0x00007ff8cc9bc000 	C:\windows\System32\sechost.dll
0x00007ff8cd150000 - 0x00007ff8cd275000 	C:\windows\System32\RPCRT4.dll
0x00007ff8cc870000 - 0x00007ff8cc878000 	C:\windows\System32\PSAPI.DLL
0x00007ff8c0260000 - 0x00007ff8c026a000 	C:\windows\SYSTEM32\VERSION.dll
0x00007ff8a7730000 - 0x00007ff8a7757000 	C:\windows\SYSTEM32\WINMM.dll
0x00007ff8c0d50000 - 0x00007ff8c0d59000 	C:\windows\SYSTEM32\WSOCK32.dll
0x00007ff8cc800000 - 0x00007ff8cc86b000 	C:\windows\System32\WS2_32.dll
0x00007ff8c9500000 - 0x00007ff8c9512000 	C:\windows\SYSTEM32\kernel.appcore.dll
0x00007ff8c2bb0000 - 0x00007ff8c2bba000 	C:\D\eclipse\plugins\org.eclipse.justj.openjdk.hotspot.jre.full.win32.x86_64_15.0.2.v20210201-0955\jre\bin\jimage.dll
0x00007ff8c88e0000 - 0x00007ff8c8ac4000 	C:\windows\SYSTEM32\DBGHELP.DLL
0x00007ff8c0e30000 - 0x00007ff8c0e5c000 	C:\windows\SYSTEM32\dbgcore.DLL
0x00007ff8caea0000 - 0x00007ff8caf22000 	C:\windows\System32\bcryptPrimitives.dll
0x00007ff88d550000 - 0x00007ff88d589000 	C:\D\eclipse\plugins\org.eclipse.justj.openjdk.hotspot.jre.full.win32.x86_64_15.0.2.v20210201-0955\jre\bin\jdwp.dll
0x00007ff89c120000 - 0x00007ff89c145000 	C:\D\eclipse\plugins\org.eclipse.justj.openjdk.hotspot.jre.full.win32.x86_64_15.0.2.v20210201-0955\jre\bin\java.dll
0x00007ff8c10d0000 - 0x00007ff8c10e8000 	C:\D\eclipse\plugins\org.eclipse.justj.openjdk.hotspot.jre.full.win32.x86_64_15.0.2.v20210201-0955\jre\bin\zip.dll
0x00007ff8cb5c0000 - 0x00007ff8cbd04000 	C:\windows\System32\SHELL32.dll
0x00007ff8c8d50000 - 0x00007ff8c94e4000 	C:\windows\SYSTEM32\windows.storage.dll
0x00007ff8cbe60000 - 0x00007ff8cc1b5000 	C:\windows\System32\combase.dll
0x00007ff8ca6d0000 - 0x00007ff8ca6fe000 	C:\windows\SYSTEM32\Wldp.dll
0x00007ff8cd480000 - 0x00007ff8cd52d000 	C:\windows\System32\SHCORE.dll
0x00007ff8cd280000 - 0x00007ff8cd2d5000 	C:\windows\System32\shlwapi.dll
0x00007ff8cabc0000 - 0x00007ff8cabdf000 	C:\windows\SYSTEM32\profapi.dll
0x00007ff8bf9e0000 - 0x00007ff8bf9eb000 	C:\D\eclipse\plugins\org.eclipse.justj.openjdk.hotspot.jre.full.win32.x86_64_15.0.2.v20210201-0955\jre\bin\dt_socket.dll
0x00007ff8ca0d0000 - 0x00007ff8ca10b000 	C:\windows\SYSTEM32\IPHLPAPI.DLL
0x00007ff8ca430000 - 0x00007ff8ca49a000 	C:\windows\system32\mswsock.dll
0x00007ff8ca120000 - 0x00007ff8ca1eb000 	C:\windows\SYSTEM32\DNSAPI.dll
0x00007ff8cc4a0000 - 0x00007ff8cc4a8000 	C:\windows\System32\NSI.dll
0x00007ff8be3b0000 - 0x00007ff8be3ba000 	C:\Windows\System32\rasadhlp.dll
0x00007ff8bda20000 - 0x00007ff8bda9f000 	C:\windows\System32\fwpuclnt.dll
0x00007ff8cb390000 - 0x00007ff8cb3b7000 	C:\windows\System32\bcrypt.dll
0x00007ff8c0fe0000 - 0x00007ff8c0ff9000 	C:\D\eclipse\plugins\org.eclipse.justj.openjdk.hotspot.jre.full.win32.x86_64_15.0.2.v20210201-0955\jre\bin\net.dll
0x00007ff8c1ab0000 - 0x00007ff8c1bbc000 	C:\windows\SYSTEM32\WINHTTP.dll
0x00007ff8a5d30000 - 0x00007ff8a5d42000 	C:\D\eclipse\plugins\org.eclipse.justj.openjdk.hotspot.jre.full.win32.x86_64_15.0.2.v20210201-0955\jre\bin\nio.dll
0x00007ff8c10a0000 - 0x00007ff8c10b0000 	C:\D\eclipse\plugins\org.eclipse.justj.openjdk.hotspot.jre.full.win32.x86_64_15.0.2.v20210201-0955\jre\bin\verify.dll
0x00007ff8ca620000 - 0x00007ff8ca638000 	C:\windows\SYSTEM32\CRYPTSP.dll
0x00007ff8c9d40000 - 0x00007ff8c9d74000 	C:\windows\system32\rsaenh.dll
0x00007ff8cab80000 - 0x00007ff8cabae000 	C:\windows\SYSTEM32\USERENV.dll
0x00007ff8ca640000 - 0x00007ff8ca64c000 	C:\windows\SYSTEM32\CRYPTBASE.dll
0x00007ff8bea30000 - 0x00007ff8bea47000 	C:\windows\SYSTEM32\dhcpcsvc6.DLL
0x00007ff8befb0000 - 0x00007ff8befcd000 	C:\windows\SYSTEM32\dhcpcsvc.DLL
0x00007ff8c0c00000 - 0x00007ff8c0c09000 	C:\D\eclipse\plugins\org.eclipse.justj.openjdk.hotspot.jre.full.win32.x86_64_15.0.2.v20210201-0955\jre\bin\management.dll
0x00007ff8bfc30000 - 0x00007ff8bfc3b000 	C:\D\eclipse\plugins\org.eclipse.justj.openjdk.hotspot.jre.full.win32.x86_64_15.0.2.v20210201-0955\jre\bin\management_ext.dll
0x00007ff872b40000 - 0x00007ff872b57000 	C:\windows\system32\napinsp.dll
0x00007ff872b20000 - 0x00007ff872b3b000 	C:\windows\system32\pnrpnsp.dll
0x00007ff8c1a70000 - 0x00007ff8c1a85000 	C:\windows\system32\wshbth.dll
0x00007ff8c2ab0000 - 0x00007ff8c2acd000 	C:\windows\system32\NLAapi.dll
0x00007ff872b00000 - 0x00007ff872b12000 	C:\windows\System32\winrnr.dll

dbghelp: loaded successfully - version: 4.0.5 - missing functions: none
symbol engine: initialized successfully - sym options: 0x614 - pdb path: .;C:\D\eclipse\plugins\org.eclipse.justj.openjdk.hotspot.jre.full.win32.x86_64_15.0.2.v20210201-0955\jre\bin;C:\windows\SYSTEM32;C:\windows\WinSxS\amd64_microsoft.windows.common-controls_6595b64144ccf1df_6.0.19041.1110_none_60b5254171f9507e;C:\D\eclipse\plugins\org.eclipse.justj.openjdk.hotspot.jre.full.win32.x86_64_15.0.2.v20210201-0955\jre\bin\server

VM Arguments:
jvm_args: -XX:+ShowCodeDetailsInExceptionMessages -agentlib:jdwp=transport=dt_socket,suspend=y,address=localhost:56456 -ea -Dfile.encoding=Cp1252 
java_command: org.testng.remote.RemoteTestNG -serport 56455 -protocol json -d C:\eclipse-workspace\inetBankingV1\test-output C:\eclipse-workspace\inetBankingV1\TestNG.xml
java_class_path (initial): C:\D\eclipse\configuration\org.eclipse.osgi\776\0\.cp\lib\testng-remote.jar;C:\eclipse-workspace\inetBankingV1\target\test-classes;C:\eclipse-workspace\inetBankingV1\target\classes;C:\Users\Kaleem\.m2\repository\org\seleniumhq\selenium\selenium-java\4.1.1\selenium-java-4.1.1.jar;C:\Users\Kaleem\.m2\repository\org\seleniumhq\selenium\selenium-api\4.1.1\selenium-api-4.1.1.jar;C:\Users\Kaleem\.m2\repository\org\seleniumhq\selenium\selenium-chrome-driver\4.1.1\selenium-chrome-driver-4.1.1.jar;C:\Users\Kaleem\.m2\repository\com\google\auto\service\auto-service-annotations\1.0.1\auto-service-annotations-1.0.1.jar;C:\Users\Kaleem\.m2\repository\com\google\auto\service\auto-service\1.0.1\auto-service-1.0.1.jar;C:\Users\Kaleem\.m2\repository\com\google\auto\auto-common\1.2\auto-common-1.2.jar;C:\Users\Kaleem\.m2\repository\org\seleniumhq\selenium\selenium-chromium-driver\4.1.1\selenium-chromium-driver-4.1.1.jar;C:\Users\Kaleem\.m2\repository\org\seleniumhq\selenium\selenium-json\4.1.1\selenium-json-4.1.1.jar;C:\Users\Kaleem\.m2\repository\org\seleniumhq\selenium\selenium-devtools-v85\4.1.1\selenium-devtools-v85-4.1.1.jar;C:\Users\Kaleem\.m2\repository\org\seleniumhq\selenium\selenium-devtools-v94\4.1.1\selenium-devtools-v94-4.1.1.jar;C:\Users\Kaleem\.m2\repository\org\seleniumhq\selenium\selenium-devtools-v95\4.1.1\selenium-devtools-v95-4.1.1.jar;C:\Users\Kaleem\.m2\repository\org\seleniumhq\selenium\selenium-devtools-v96\4.1.1\selenium-devtools-v96-4.1.1.jar;C:\Users\Kaleem\.m2\repository\org\seleniumhq\selenium\selenium-edge-driver\4.1.1\selenium-edge-driver-4.1.1.jar;C:\Users\Kaleem\.m2\repository\org\seleniumhq\selenium\selenium-firefox-driver\4.1.1\selenium-firefox-driver-4.1.1.jar;C:\Users\Kaleem\.m2\repository\org\seleniumhq\selenium\selenium-firefox-xpi-driver\4.1.1\selenium-firefox-xpi-driver-4.1.1.jar;C:\Users\Kaleem\.m2\repository\org\seleniumhq\selenium\selenium-ie-driver\4.1.1\selenium-ie-driver-4.1.1.jar;C:\Users\Kaleem\.m2\reposito
Launcher Type: SUN_STANDARD

[Global flags]
     intx CICompilerCount                          = 4                                         {product} {ergonomic}
     uint ConcGCThreads                            = 2                                         {product} {ergonomic}
     uint G1ConcRefinementThreads                  = 8                                         {product} {ergonomic}
   size_t G1HeapRegionSize                         = 1048576                                   {product} {ergonomic}
    uintx GCDrainStackTargetSize                   = 64                                        {product} {ergonomic}
   size_t InitialHeapSize                          = 132120576                                 {product} {ergonomic}
   size_t MarkStackSize                            = 4194304                                   {product} {ergonomic}
   size_t MaxHeapSize                              = 2086666240                                {product} {ergonomic}
   size_t MaxNewSize                               = 1251999744                                {product} {ergonomic}
   size_t MinHeapDeltaBytes                        = 1048576                                   {product} {ergonomic}
   size_t MinHeapSize                              = 8388608                                   {product} {ergonomic}
    uintx NonNMethodCodeHeapSize                   = 5839372                                {pd product} {ergonomic}
    uintx NonProfiledCodeHeapSize                  = 122909434                              {pd product} {ergonomic}
    uintx ProfiledCodeHeapSize                     = 122909434                              {pd product} {ergonomic}
    uintx ReservedCodeCacheSize                    = 251658240                              {pd product} {ergonomic}
     bool SegmentedCodeCache                       = true                                      {product} {ergonomic}
     bool ShowCodeDetailsInExceptionMessages       = true                                   {manageable} {command line}
   size_t SoftMaxHeapSize                          = 2086666240                             {manageable} {ergonomic}
     bool UseCompressedClassPointers               = true                                 {lp64_product} {ergonomic}
     bool UseCompressedOops                        = true                                 {lp64_product} {ergonomic}
     bool UseG1GC                                  = true                                      {product} {ergonomic}
     bool UseLargePagesIndividualAllocation        = false                                  {pd product} {ergonomic}

Logging:
Log output configuration:
 #0: stdout all=warning uptime,level,tags
 #1: stderr all=off uptime,level,tags

Environment Variables:
JAVA_HOME=C:\Program Files\Java\jdk-16.0.1
PATH=C:\D\eclipse\plugins\org.eclipse.justj.openjdk.hotspot.jre.full.win32.x86_64_15.0.2.v20210201-0955\jre\bin;C:/D/eclipse//plugins/org.eclipse.justj.openjdk.hotspot.jre.full.win32.x86_64_15.0.2.v20210201-0955/jre/bin/server;C:/D/eclipse//plugins/org.eclipse.justj.openjdk.hotspot.jre.full.win32.x86_64_15.0.2.v20210201-0955/jre/bin;C:\Program Files\Common Files\Oracle\Java\javapath;C:\windows\system32;C:\windows;C:\windows\System32\Wbem;C:\windows\System32\WindowsPowerShell\v1.0\;C:\windows\System32\OpenSSH\;C:\Program Files (x86)\Microsoft SQL Server\150\DTS\Binn\;C:\Program Files\Java\jdk-16.0.1\bin;C:\maven\apache-maven-3.8.1\bin;C:\Program Files (x86)\Calibre2\;C:\Users\Kaleem\AppData\Local\Microsoft\WindowsApps;;C:\D\eclipse;
USERNAME=Kaleem
OS=Windows_NT
PROCESSOR_IDENTIFIER=Intel64 Family 6 Model 140 Stepping 1, GenuineIntel



---------------  S Y S T E M  ---------------

OS:
 Windows 10 , 64 bit Build 19041 (10.0.19041.1503)
OS uptime: 6 days 17:05 hours

CPU: total 8 (initial active 8) (4 cores per cpu, 2 threads per core) family 6 model 140 stepping 1 microcode 0x86, cmov, cx8, fxsr, mmx, sse, sse2, sse3, ssse3, sse4.1, sse4.2, popcnt, vzeroupper, avx, avx2, aes, clmul, erms, 3dnowpref, lzcnt, ht, tsc, tscinvbit, bmi1, bmi2, adx, avx512f, avx512dq, avx512cd, avx512bw, avx512vl, avx512_vpopcntdq, avx512_vpclmulqdq, avx512_vbmi, avx512_vbmi2, avx512_vaes, avx512_vnni, sha, fma, clflush, clflushopt, clwb

Memory: 4k page, system-wide physical 7957M (1703M free)
TotalPageFile size 17681M (AvailPageFile size 6832M)
current process WorkingSet (physical memory assigned to process): 110M, peak: 143M
current process commit charge ("private bytes"): 149M, peak: 246M

vm_info: OpenJDK 64-Bit Server VM (15.0.2+7-27) for windows-amd64 JRE (15.0.2+7-27), built on Dec  7 2020 20:02:38 by "mach5one" with unknown MS VC++:1925

END.
